2025-08-18 17:25:11 [restartedMain] INFO  c.t.c.CaseManagementApplication - Starting CaseManagementApplication using Java 17.0.13 with PID 12796 (C:\Users\daisy\Downloads\case-management\case-management\target\classes started by root in C:\Users\daisy\Downloads\case-management\case-management)
2025-08-18 17:25:11 [restartedMain] INFO  c.t.c.CaseManagementApplication - No active profile set, falling back to 1 default profile: "default"
2025-08-18 17:25:11 [restartedMain] INFO  o.s.b.d.e.DevToolsPropertyDefaultsPostProcessor - Devtools property defaults active! Set 'spring.devtools.add-properties' to 'false' to disable
2025-08-18 17:25:11 [restartedMain] INFO  o.s.b.d.e.DevToolsPropertyDefaultsPostProcessor - For additional web related logging consider setting the 'logging.level.web' property to 'DEBUG'
2025-08-18 17:25:16 [restartedMain] INFO  o.s.d.r.c.RepositoryConfigurationDelegate - Bootstrapping Spring Data JPA repositories in DEFAULT mode.
2025-08-18 17:25:17 [restartedMain] INFO  o.s.d.r.c.RepositoryConfigurationDelegate - Finished Spring Data repository scanning in 552 ms. Found 10 JPA repository interfaces.
2025-08-18 17:25:20 [restartedMain] INFO  o.s.b.w.e.tomcat.TomcatWebServer - Tomcat initialized with port 8080 (http)
2025-08-18 17:25:20 [restartedMain] INFO  o.a.catalina.core.StandardService - Starting service [Tomcat]
2025-08-18 17:25:20 [restartedMain] INFO  o.a.catalina.core.StandardEngine - Starting Servlet engine: [Apache Tomcat/10.1.43]
2025-08-18 17:25:21 [restartedMain] INFO  o.a.c.c.C.[Tomcat].[localhost].[/] - Initializing Spring embedded WebApplicationContext
2025-08-18 17:25:21 [restartedMain] INFO  o.s.b.w.s.c.ServletWebServerApplicationContext - Root WebApplicationContext: initialization completed in 10033 ms
2025-08-18 17:25:22 [restartedMain] INFO  com.zaxxer.hikari.HikariDataSource - HikariPool-1 - Starting...
2025-08-18 17:25:24 [restartedMain] INFO  com.zaxxer.hikari.pool.HikariPool - HikariPool-1 - Added connection com.mysql.cj.jdbc.ConnectionImpl@63d6a038
2025-08-18 17:25:24 [restartedMain] INFO  com.zaxxer.hikari.HikariDataSource - HikariPool-1 - Start completed.
2025-08-18 17:25:24 [restartedMain] INFO  org.flywaydb.core.FlywayExecutor - Database: jdbc:mysql://localhost:3306/testing_company_case_db?useUnicode=true&characterEncoding=UTF-8 (MySQL 9.3)
2025-08-18 17:25:25 [restartedMain] WARN  o.f.c.i.database.base.Database - Flyway upgrade recommended: MySQL 9.3 is newer than this version of Flyway and support has not been tested. The latest supported version of MySQL is 8.1.
2025-08-18 17:25:26 [restartedMain] INFO  o.f.core.internal.command.DbValidate - Successfully validated 1 migration (execution time 00:00.710s)
2025-08-18 17:25:26 [restartedMain] INFO  o.f.core.internal.command.DbMigrate - Current version of schema `testing_company_case_db`: 1
2025-08-18 17:25:26 [restartedMain] INFO  o.f.core.internal.command.DbMigrate - Schema `testing_company_case_db` is up to date. No migration necessary.
2025-08-18 17:25:27 [restartedMain] INFO  o.h.jpa.internal.util.LogHelper - HHH000204: Processing PersistenceUnitInfo [name: default]
2025-08-18 17:25:27 [restartedMain] INFO  org.hibernate.Version - HHH000412: Hibernate ORM core version 6.6.22.Final
2025-08-18 17:25:28 [restartedMain] INFO  o.h.c.i.RegionFactoryInitiator - HHH000026: Second-level cache disabled
2025-08-18 17:25:29 [restartedMain] INFO  o.s.o.j.p.SpringPersistenceUnitInfo - No LoadTimeWeaver setup: ignoring JPA class transformer
2025-08-18 17:25:30 [restartedMain] INFO  o.hibernate.orm.connections.pooling - HHH10001005: Database info:
	Database JDBC URL [Connecting through datasource 'HikariDataSource (HikariPool-1)']
	Database driver: undefined/unknown
	Database version: 9.3
	Autocommit mode: undefined/unknown
	Isolation level: undefined/unknown
	Minimum pool size: undefined/unknown
	Maximum pool size: undefined/unknown
2025-08-18 17:25:32 [restartedMain] INFO  o.h.e.t.j.p.i.JtaPlatformInitiator - HHH000489: No JTA platform available (set 'hibernate.transaction.jta.platform' to enable JTA platform integration)
2025-08-18 17:25:32 [restartedMain] INFO  o.s.o.j.LocalContainerEntityManagerFactoryBean - Initialized JPA EntityManagerFactory for persistence unit 'default'
2025-08-18 17:25:34 [restartedMain] INFO  o.s.d.j.r.query.QueryEnhancerFactory - Hibernate is in classpath; If applicable, HQL parser will be used.
2025-08-18 17:25:35 [restartedMain] INFO  o.s.s.c.a.a.c.InitializeUserDetailsBeanManagerConfigurer$InitializeUserDetailsManagerConfigurer - Global AuthenticationManager configured with UserDetailsService bean with name userDetailServiceImpl
2025-08-18 17:25:36 [restartedMain] WARN  o.s.b.a.o.j.JpaBaseConfiguration$JpaWebConfiguration - spring.jpa.open-in-view is enabled by default. Therefore, database queries may be performed during view rendering. Explicitly configure spring.jpa.open-in-view to disable this warning
2025-08-18 17:25:37 [restartedMain] INFO  o.s.b.d.a.OptionalLiveReloadServer - LiveReload server is running on port 35729
2025-08-18 17:25:37 [restartedMain] INFO  o.s.b.w.e.tomcat.TomcatWebServer - Tomcat started on port 8080 (http) with context path '/'
2025-08-18 17:25:37 [restartedMain] INFO  c.t.c.CaseManagementApplication - Started CaseManagementApplication in 28.49 seconds (process running for 30.448)
2025-08-18 17:25:39 [http-nio-8080-exec-1] INFO  o.a.c.c.C.[Tomcat].[localhost].[/] - Initializing Spring DispatcherServlet 'dispatcherServlet'
2025-08-18 17:25:39 [http-nio-8080-exec-1] INFO  o.s.web.servlet.DispatcherServlet - Initializing Servlet 'dispatcherServlet'
2025-08-18 17:25:39 [http-nio-8080-exec-1] INFO  o.s.web.servlet.DispatcherServlet - Completed initialization in 3 ms
2025-08-18 17:25:44 [http-nio-8080-exec-9] INFO  o.s.api.AbstractOpenApiResource - Init duration for springdoc-openapi is: 3956 ms
2025-08-18 19:38:21 [SpringApplicationShutdownHook] INFO  o.s.b.w.e.tomcat.GracefulShutdown - Commencing graceful shutdown. Waiting for active requests to complete
2025-08-18 19:38:22 [tomcat-shutdown] INFO  o.s.b.w.e.tomcat.GracefulShutdown - Graceful shutdown complete
2025-08-18 19:38:22 [SpringApplicationShutdownHook] INFO  o.s.o.j.LocalContainerEntityManagerFactoryBean - Closing JPA EntityManagerFactory for persistence unit 'default'
2025-08-18 19:38:22 [SpringApplicationShutdownHook] INFO  com.zaxxer.hikari.HikariDataSource - HikariPool-1 - Shutdown initiated...
2025-08-18 19:38:23 [SpringApplicationShutdownHook] INFO  com.zaxxer.hikari.HikariDataSource - HikariPool-1 - Shutdown completed.
2025-08-18 19:38:46 [restartedMain] INFO  c.t.c.CaseManagementApplication - Starting CaseManagementApplication using Java 17.0.13 with PID 9060 (C:\Users\daisy\Downloads\case-management\case-management\target\classes started by root in C:\Users\daisy\Downloads\case-management\case-management)
2025-08-18 19:38:46 [restartedMain] INFO  c.t.c.CaseManagementApplication - No active profile set, falling back to 1 default profile: "default"
2025-08-18 19:38:46 [restartedMain] INFO  o.s.b.d.e.DevToolsPropertyDefaultsPostProcessor - Devtools property defaults active! Set 'spring.devtools.add-properties' to 'false' to disable
2025-08-18 19:38:46 [restartedMain] INFO  o.s.b.d.e.DevToolsPropertyDefaultsPostProcessor - For additional web related logging consider setting the 'logging.level.web' property to 'DEBUG'
2025-08-18 19:38:50 [restartedMain] INFO  o.s.d.r.c.RepositoryConfigurationDelegate - Bootstrapping Spring Data JPA repositories in DEFAULT mode.
2025-08-18 19:38:50 [restartedMain] INFO  o.s.d.r.c.RepositoryConfigurationDelegate - Finished Spring Data repository scanning in 395 ms. Found 10 JPA repository interfaces.
2025-08-18 19:38:52 [restartedMain] INFO  o.s.b.w.e.tomcat.TomcatWebServer - Tomcat initialized with port 8080 (http)
2025-08-18 19:38:52 [restartedMain] INFO  o.a.catalina.core.StandardService - Starting service [Tomcat]
2025-08-18 19:38:52 [restartedMain] INFO  o.a.catalina.core.StandardEngine - Starting Servlet engine: [Apache Tomcat/10.1.43]
2025-08-18 19:38:53 [restartedMain] INFO  o.a.c.c.C.[Tomcat].[localhost].[/] - Initializing Spring embedded WebApplicationContext
2025-08-18 19:38:53 [restartedMain] INFO  o.s.b.w.s.c.ServletWebServerApplicationContext - Root WebApplicationContext: initialization completed in 6281 ms
2025-08-18 19:38:53 [restartedMain] INFO  com.zaxxer.hikari.HikariDataSource - HikariPool-1 - Starting...
2025-08-18 19:38:54 [restartedMain] INFO  com.zaxxer.hikari.pool.HikariPool - HikariPool-1 - Added connection com.mysql.cj.jdbc.ConnectionImpl@48f0b041
2025-08-18 19:38:54 [restartedMain] INFO  com.zaxxer.hikari.HikariDataSource - HikariPool-1 - Start completed.
2025-08-18 19:38:55 [restartedMain] INFO  org.flywaydb.core.FlywayExecutor - Database: jdbc:mysql://localhost:3306/testing_company_case_db?useUnicode=true&characterEncoding=UTF-8 (MySQL 9.3)
2025-08-18 19:38:55 [restartedMain] WARN  o.f.c.i.database.base.Database - Flyway upgrade recommended: MySQL 9.3 is newer than this version of Flyway and support has not been tested. The latest supported version of MySQL is 8.1.
2025-08-18 19:38:55 [restartedMain] INFO  o.f.core.internal.command.DbValidate - Successfully validated 1 migration (execution time 00:00.124s)
2025-08-18 19:38:55 [restartedMain] INFO  o.f.core.internal.command.DbMigrate - Current version of schema `testing_company_case_db`: 1
2025-08-18 19:38:55 [restartedMain] INFO  o.f.core.internal.command.DbMigrate - Schema `testing_company_case_db` is up to date. No migration necessary.
2025-08-18 19:38:56 [restartedMain] INFO  o.h.jpa.internal.util.LogHelper - HHH000204: Processing PersistenceUnitInfo [name: default]
2025-08-18 19:38:56 [restartedMain] INFO  org.hibernate.Version - HHH000412: Hibernate ORM core version 6.6.22.Final
2025-08-18 19:38:56 [restartedMain] INFO  o.h.c.i.RegionFactoryInitiator - HHH000026: Second-level cache disabled
2025-08-18 19:38:57 [restartedMain] INFO  o.s.o.j.p.SpringPersistenceUnitInfo - No LoadTimeWeaver setup: ignoring JPA class transformer
2025-08-18 19:38:57 [restartedMain] INFO  o.hibernate.orm.connections.pooling - HHH10001005: Database info:
	Database JDBC URL [Connecting through datasource 'HikariDataSource (HikariPool-1)']
	Database driver: undefined/unknown
	Database version: 9.3
	Autocommit mode: undefined/unknown
	Isolation level: undefined/unknown
	Minimum pool size: undefined/unknown
	Maximum pool size: undefined/unknown
2025-08-18 19:39:00 [restartedMain] INFO  o.h.e.t.j.p.i.JtaPlatformInitiator - HHH000489: No JTA platform available (set 'hibernate.transaction.jta.platform' to enable JTA platform integration)
2025-08-18 19:39:00 [restartedMain] INFO  o.s.o.j.LocalContainerEntityManagerFactoryBean - Initialized JPA EntityManagerFactory for persistence unit 'default'
2025-08-18 19:39:01 [restartedMain] INFO  o.s.d.j.r.query.QueryEnhancerFactory - Hibernate is in classpath; If applicable, HQL parser will be used.
2025-08-18 19:39:07 [restartedMain] INFO  o.s.s.c.a.a.c.InitializeUserDetailsBeanManagerConfigurer$InitializeUserDetailsManagerConfigurer - Global AuthenticationManager configured with UserDetailsService bean with name userDetailServiceImpl
2025-08-18 19:39:08 [restartedMain] WARN  o.s.b.a.o.j.JpaBaseConfiguration$JpaWebConfiguration - spring.jpa.open-in-view is enabled by default. Therefore, database queries may be performed during view rendering. Explicitly configure spring.jpa.open-in-view to disable this warning
2025-08-18 19:39:12 [restartedMain] INFO  o.s.b.d.a.OptionalLiveReloadServer - LiveReload server is running on port 35729
2025-08-18 19:39:12 [restartedMain] INFO  o.s.b.w.e.tomcat.TomcatWebServer - Tomcat started on port 8080 (http) with context path '/'
2025-08-18 19:39:12 [restartedMain] INFO  c.t.c.CaseManagementApplication - Started CaseManagementApplication in 27.93 seconds (process running for 29.135)
2025-08-18 19:39:53 [http-nio-8080-exec-1] INFO  o.a.c.c.C.[Tomcat].[localhost].[/] - Initializing Spring DispatcherServlet 'dispatcherServlet'
2025-08-18 19:39:53 [http-nio-8080-exec-1] INFO  o.s.web.servlet.DispatcherServlet - Initializing Servlet 'dispatcherServlet'
2025-08-18 19:39:53 [http-nio-8080-exec-1] INFO  o.s.web.servlet.DispatcherServlet - Completed initialization in 2 ms
2025-08-18 19:39:54 [http-nio-8080-exec-1] ERROR c.t.c.c.JWTAuthenticationFilter - JWT token is expired: JWT expired 867376640 milliseconds ago at 2025-08-08T10:43:38.000Z. Current time: 2025-08-18T11:39:54.640Z. Allowed clock skew: 0 milliseconds.
2025-08-18 19:40:38 [SpringApplicationShutdownHook] INFO  o.s.b.w.e.tomcat.GracefulShutdown - Commencing graceful shutdown. Waiting for active requests to complete
2025-08-18 19:40:38 [tomcat-shutdown] INFO  o.s.b.w.e.tomcat.GracefulShutdown - Graceful shutdown complete
2025-08-18 19:40:38 [SpringApplicationShutdownHook] INFO  o.s.o.j.LocalContainerEntityManagerFactoryBean - Closing JPA EntityManagerFactory for persistence unit 'default'
2025-08-18 19:40:38 [SpringApplicationShutdownHook] INFO  com.zaxxer.hikari.HikariDataSource - HikariPool-1 - Shutdown initiated...
2025-08-18 19:40:38 [SpringApplicationShutdownHook] INFO  com.zaxxer.hikari.HikariDataSource - HikariPool-1 - Shutdown completed.
2025-08-18 19:40:48 [restartedMain] INFO  c.t.c.CaseManagementApplication - Starting CaseManagementApplication using Java 17.0.13 with PID 2568 (C:\Users\daisy\Downloads\case-management\case-management\target\classes started by root in C:\Users\daisy\Downloads\case-management\case-management)
2025-08-18 19:40:48 [restartedMain] INFO  c.t.c.CaseManagementApplication - No active profile set, falling back to 1 default profile: "default"
2025-08-18 19:40:48 [restartedMain] INFO  o.s.b.d.e.DevToolsPropertyDefaultsPostProcessor - Devtools property defaults active! Set 'spring.devtools.add-properties' to 'false' to disable
2025-08-18 19:40:48 [restartedMain] INFO  o.s.b.d.e.DevToolsPropertyDefaultsPostProcessor - For additional web related logging consider setting the 'logging.level.web' property to 'DEBUG'
2025-08-18 19:40:51 [restartedMain] INFO  o.s.d.r.c.RepositoryConfigurationDelegate - Bootstrapping Spring Data JPA repositories in DEFAULT mode.
2025-08-18 19:40:51 [restartedMain] INFO  o.s.d.r.c.RepositoryConfigurationDelegate - Finished Spring Data repository scanning in 274 ms. Found 10 JPA repository interfaces.
2025-08-18 19:40:52 [restartedMain] INFO  o.s.b.w.e.tomcat.TomcatWebServer - Tomcat initialized with port 8080 (http)
2025-08-18 19:40:53 [restartedMain] INFO  o.a.catalina.core.StandardService - Starting service [Tomcat]
2025-08-18 19:40:53 [restartedMain] INFO  o.a.catalina.core.StandardEngine - Starting Servlet engine: [Apache Tomcat/10.1.43]
2025-08-18 19:40:53 [restartedMain] INFO  o.a.c.c.C.[Tomcat].[localhost].[/] - Initializing Spring embedded WebApplicationContext
2025-08-18 19:40:53 [restartedMain] INFO  o.s.b.w.s.c.ServletWebServerApplicationContext - Root WebApplicationContext: initialization completed in 4765 ms
2025-08-18 19:40:53 [restartedMain] INFO  com.zaxxer.hikari.HikariDataSource - HikariPool-1 - Starting...
2025-08-18 19:40:54 [restartedMain] INFO  com.zaxxer.hikari.pool.HikariPool - HikariPool-1 - Added connection com.mysql.cj.jdbc.ConnectionImpl@757a988c
2025-08-18 19:40:54 [restartedMain] INFO  com.zaxxer.hikari.HikariDataSource - HikariPool-1 - Start completed.
2025-08-18 19:40:54 [restartedMain] INFO  org.flywaydb.core.FlywayExecutor - Database: jdbc:mysql://localhost:3306/testing_company_case_db?useUnicode=true&characterEncoding=UTF-8 (MySQL 9.3)
2025-08-18 19:40:54 [restartedMain] WARN  o.f.c.i.database.base.Database - Flyway upgrade recommended: MySQL 9.3 is newer than this version of Flyway and support has not been tested. The latest supported version of MySQL is 8.1.
2025-08-18 19:40:54 [restartedMain] INFO  o.f.core.internal.command.DbValidate - Successfully validated 1 migration (execution time 00:00.211s)
2025-08-18 19:40:54 [restartedMain] INFO  o.f.core.internal.command.DbMigrate - Current version of schema `testing_company_case_db`: 1
2025-08-18 19:40:54 [restartedMain] INFO  o.f.core.internal.command.DbMigrate - Schema `testing_company_case_db` is up to date. No migration necessary.
2025-08-18 19:40:55 [restartedMain] INFO  o.h.jpa.internal.util.LogHelper - HHH000204: Processing PersistenceUnitInfo [name: default]
2025-08-18 19:40:55 [restartedMain] INFO  org.hibernate.Version - HHH000412: Hibernate ORM core version 6.6.22.Final
2025-08-18 19:40:55 [restartedMain] INFO  o.h.c.i.RegionFactoryInitiator - HHH000026: Second-level cache disabled
2025-08-18 19:40:56 [restartedMain] INFO  o.s.o.j.p.SpringPersistenceUnitInfo - No LoadTimeWeaver setup: ignoring JPA class transformer
2025-08-18 19:40:56 [restartedMain] INFO  o.hibernate.orm.connections.pooling - HHH10001005: Database info:
	Database JDBC URL [Connecting through datasource 'HikariDataSource (HikariPool-1)']
	Database driver: undefined/unknown
	Database version: 9.3
	Autocommit mode: undefined/unknown
	Isolation level: undefined/unknown
	Minimum pool size: undefined/unknown
	Maximum pool size: undefined/unknown
2025-08-18 19:40:59 [restartedMain] INFO  o.h.e.t.j.p.i.JtaPlatformInitiator - HHH000489: No JTA platform available (set 'hibernate.transaction.jta.platform' to enable JTA platform integration)
2025-08-18 19:40:59 [restartedMain] INFO  o.s.o.j.LocalContainerEntityManagerFactoryBean - Initialized JPA EntityManagerFactory for persistence unit 'default'
2025-08-18 19:40:59 [restartedMain] INFO  o.s.d.j.r.query.QueryEnhancerFactory - Hibernate is in classpath; If applicable, HQL parser will be used.
2025-08-18 19:41:01 [restartedMain] INFO  o.s.s.c.a.a.c.InitializeUserDetailsBeanManagerConfigurer$InitializeUserDetailsManagerConfigurer - Global AuthenticationManager configured with UserDetailsService bean with name userDetailServiceImpl
2025-08-18 19:41:01 [restartedMain] WARN  o.s.b.a.o.j.JpaBaseConfiguration$JpaWebConfiguration - spring.jpa.open-in-view is enabled by default. Therefore, database queries may be performed during view rendering. Explicitly configure spring.jpa.open-in-view to disable this warning
2025-08-18 19:41:02 [restartedMain] INFO  o.s.b.d.a.OptionalLiveReloadServer - LiveReload server is running on port 35729
2025-08-18 19:41:03 [restartedMain] INFO  o.s.b.w.e.tomcat.TomcatWebServer - Tomcat started on port 8080 (http) with context path '/'
2025-08-18 19:41:03 [restartedMain] INFO  c.t.c.CaseManagementApplication - Started CaseManagementApplication in 16.671 seconds (process running for 18.326)
2025-08-18 19:41:08 [http-nio-8080-exec-2] INFO  o.a.c.c.C.[Tomcat].[localhost].[/] - Initializing Spring DispatcherServlet 'dispatcherServlet'
2025-08-18 19:41:08 [http-nio-8080-exec-2] INFO  o.s.web.servlet.DispatcherServlet - Initializing Servlet 'dispatcherServlet'
2025-08-18 19:41:08 [http-nio-8080-exec-2] INFO  o.s.web.servlet.DispatcherServlet - Completed initialization in 3 ms
2025-08-18 19:41:08 [http-nio-8080-exec-2] INFO  c.t.c.controller.JobLevelController - [收到請求]建立JobLevel：[JobLevelRequestDTO(jobLevelNameInChinese=Doctor), JobLevelRequestDTO(jobLevelNameInChinese=Nurse)]	[來自]類別：JobLevelController，方法：createJobLevel
2025-08-18 19:41:08 [http-nio-8080-exec-2] INFO  c.t.c.service.JobLevelService - [收到請求]建立JobLevel：[JobLevelRequestDTO(jobLevelNameInChinese=Doctor), JobLevelRequestDTO(jobLevelNameInChinese=Nurse)]	[來自]類別：JobLevelService，方法：createJobLevel
2025-08-18 19:41:09 [http-nio-8080-exec-2] INFO  c.t.c.service.JobLevelService - [回覆請求]建立JobLevel：[JobLevelRequestDTO(jobLevelNameInChinese=Doctor), JobLevelRequestDTO(jobLevelNameInChinese=Nurse)]	[來自]類別：JobLevelService，方法：createJobLevel
2025-08-18 19:41:09 [http-nio-8080-exec-2] INFO  c.t.c.controller.JobLevelController - [回覆請求]建立JobLevel：[JobLevelRequestDTO(jobLevelNameInChinese=Doctor), JobLevelRequestDTO(jobLevelNameInChinese=Nurse)]	[來自]類別：JobLevelController，方法：createJobLevel
2025-08-18 19:41:28 [http-nio-8080-exec-3] WARN  o.s.w.s.m.a.ResponseStatusExceptionResolver - Resolved [org.springframework.web.method.annotation.HandlerMethodValidationException: 400 BAD_REQUEST "Validation failure"]
2025-08-18 19:42:28 [http-nio-8080-exec-5] WARN  o.s.w.s.m.a.ResponseStatusExceptionResolver - Resolved [org.springframework.web.method.annotation.HandlerMethodValidationException: 400 BAD_REQUEST "Validation failure"]
2025-08-18 19:45:28 [SpringApplicationShutdownHook] INFO  o.s.b.w.e.tomcat.GracefulShutdown - Commencing graceful shutdown. Waiting for active requests to complete
2025-08-18 19:45:28 [tomcat-shutdown] INFO  o.s.b.w.e.tomcat.GracefulShutdown - Graceful shutdown complete
2025-08-18 19:45:28 [SpringApplicationShutdownHook] INFO  o.s.o.j.LocalContainerEntityManagerFactoryBean - Closing JPA EntityManagerFactory for persistence unit 'default'
2025-08-18 19:45:29 [SpringApplicationShutdownHook] INFO  com.zaxxer.hikari.HikariDataSource - HikariPool-1 - Shutdown initiated...
2025-08-18 19:45:29 [SpringApplicationShutdownHook] INFO  com.zaxxer.hikari.HikariDataSource - HikariPool-1 - Shutdown completed.
2025-08-18 19:45:37 [restartedMain] INFO  c.t.c.CaseManagementApplication - Starting CaseManagementApplication using Java 17.0.13 with PID 14924 (C:\Users\daisy\Downloads\case-management\case-management\target\classes started by root in C:\Users\daisy\Downloads\case-management\case-management)
2025-08-18 19:45:37 [restartedMain] INFO  c.t.c.CaseManagementApplication - No active profile set, falling back to 1 default profile: "default"
2025-08-18 19:45:38 [restartedMain] INFO  o.s.b.d.e.DevToolsPropertyDefaultsPostProcessor - Devtools property defaults active! Set 'spring.devtools.add-properties' to 'false' to disable
2025-08-18 19:45:38 [restartedMain] INFO  o.s.b.d.e.DevToolsPropertyDefaultsPostProcessor - For additional web related logging consider setting the 'logging.level.web' property to 'DEBUG'
2025-08-18 19:45:41 [restartedMain] INFO  o.s.d.r.c.RepositoryConfigurationDelegate - Bootstrapping Spring Data JPA repositories in DEFAULT mode.
2025-08-18 19:45:41 [restartedMain] INFO  o.s.d.r.c.RepositoryConfigurationDelegate - Finished Spring Data repository scanning in 237 ms. Found 10 JPA repository interfaces.
2025-08-18 19:45:43 [restartedMain] INFO  o.s.b.w.e.tomcat.TomcatWebServer - Tomcat initialized with port 8080 (http)
2025-08-18 19:45:43 [restartedMain] INFO  o.a.catalina.core.StandardService - Starting service [Tomcat]
2025-08-18 19:45:43 [restartedMain] INFO  o.a.catalina.core.StandardEngine - Starting Servlet engine: [Apache Tomcat/10.1.43]
2025-08-18 19:45:43 [restartedMain] INFO  o.a.c.c.C.[Tomcat].[localhost].[/] - Initializing Spring embedded WebApplicationContext
2025-08-18 19:45:43 [restartedMain] INFO  o.s.b.w.s.c.ServletWebServerApplicationContext - Root WebApplicationContext: initialization completed in 5570 ms
2025-08-18 19:45:44 [restartedMain] INFO  com.zaxxer.hikari.HikariDataSource - HikariPool-1 - Starting...
2025-08-18 19:45:44 [restartedMain] INFO  com.zaxxer.hikari.pool.HikariPool - HikariPool-1 - Added connection com.mysql.cj.jdbc.ConnectionImpl@53996e99
2025-08-18 19:45:44 [restartedMain] INFO  com.zaxxer.hikari.HikariDataSource - HikariPool-1 - Start completed.
2025-08-18 19:45:45 [restartedMain] INFO  org.flywaydb.core.FlywayExecutor - Database: jdbc:mysql://localhost:3306/testing_company_case_db?useUnicode=true&characterEncoding=UTF-8 (MySQL 9.3)
2025-08-18 19:45:45 [restartedMain] WARN  o.f.c.i.database.base.Database - Flyway upgrade recommended: MySQL 9.3 is newer than this version of Flyway and support has not been tested. The latest supported version of MySQL is 8.1.
2025-08-18 19:45:45 [restartedMain] INFO  o.f.core.internal.command.DbValidate - Successfully validated 1 migration (execution time 00:00.300s)
2025-08-18 19:45:45 [restartedMain] INFO  o.f.core.internal.command.DbMigrate - Current version of schema `testing_company_case_db`: 1
2025-08-18 19:45:45 [restartedMain] INFO  o.f.core.internal.command.DbMigrate - Schema `testing_company_case_db` is up to date. No migration necessary.
2025-08-18 19:45:46 [restartedMain] INFO  o.h.jpa.internal.util.LogHelper - HHH000204: Processing PersistenceUnitInfo [name: default]
2025-08-18 19:45:46 [restartedMain] INFO  org.hibernate.Version - HHH000412: Hibernate ORM core version 6.6.22.Final
2025-08-18 19:45:47 [restartedMain] INFO  o.h.c.i.RegionFactoryInitiator - HHH000026: Second-level cache disabled
2025-08-18 19:45:48 [restartedMain] INFO  o.s.o.j.p.SpringPersistenceUnitInfo - No LoadTimeWeaver setup: ignoring JPA class transformer
2025-08-18 19:45:48 [restartedMain] INFO  o.hibernate.orm.connections.pooling - HHH10001005: Database info:
	Database JDBC URL [Connecting through datasource 'HikariDataSource (HikariPool-1)']
	Database driver: undefined/unknown
	Database version: 9.3
	Autocommit mode: undefined/unknown
	Isolation level: undefined/unknown
	Minimum pool size: undefined/unknown
	Maximum pool size: undefined/unknown
2025-08-18 19:45:51 [restartedMain] INFO  o.h.e.t.j.p.i.JtaPlatformInitiator - HHH000489: No JTA platform available (set 'hibernate.transaction.jta.platform' to enable JTA platform integration)
2025-08-18 19:45:51 [restartedMain] INFO  o.s.o.j.LocalContainerEntityManagerFactoryBean - Initialized JPA EntityManagerFactory for persistence unit 'default'
2025-08-18 19:45:52 [restartedMain] INFO  o.s.d.j.r.query.QueryEnhancerFactory - Hibernate is in classpath; If applicable, HQL parser will be used.
2025-08-18 19:45:53 [restartedMain] INFO  o.s.s.c.a.a.c.InitializeUserDetailsBeanManagerConfigurer$InitializeUserDetailsManagerConfigurer - Global AuthenticationManager configured with UserDetailsService bean with name userDetailServiceImpl
2025-08-18 19:45:54 [restartedMain] WARN  o.s.b.a.o.j.JpaBaseConfiguration$JpaWebConfiguration - spring.jpa.open-in-view is enabled by default. Therefore, database queries may be performed during view rendering. Explicitly configure spring.jpa.open-in-view to disable this warning
2025-08-18 19:45:55 [restartedMain] INFO  o.s.b.d.a.OptionalLiveReloadServer - LiveReload server is running on port 35729
2025-08-18 19:45:55 [restartedMain] INFO  o.s.b.w.e.tomcat.TomcatWebServer - Tomcat started on port 8080 (http) with context path '/'
2025-08-18 19:45:55 [restartedMain] INFO  c.t.c.CaseManagementApplication - Started CaseManagementApplication in 19.609 seconds (process running for 20.871)
2025-08-18 19:46:14 [http-nio-8080-exec-1] INFO  o.a.c.c.C.[Tomcat].[localhost].[/] - Initializing Spring DispatcherServlet 'dispatcherServlet'
2025-08-18 19:46:14 [http-nio-8080-exec-1] INFO  o.s.web.servlet.DispatcherServlet - Initializing Servlet 'dispatcherServlet'
2025-08-18 19:46:14 [http-nio-8080-exec-1] INFO  o.s.web.servlet.DispatcherServlet - Completed initialization in 2 ms
2025-08-18 19:46:15 [http-nio-8080-exec-1] WARN  o.s.w.s.m.a.ResponseStatusExceptionResolver - Resolved [org.springframework.web.method.annotation.HandlerMethodValidationException: 400 BAD_REQUEST "Validation failure"]
2025-08-18 19:46:20 [http-nio-8080-exec-3] INFO  c.t.c.controller.JobLevelController - [收到請求]建立JobLevel：[JobLevelRequestDTO(jobLevelNameInChinese= )]	[來自]類別：JobLevelController，方法：createJobLevel
2025-08-18 19:46:20 [http-nio-8080-exec-3] INFO  c.t.c.service.JobLevelService - [收到請求]建立JobLevel：[JobLevelRequestDTO(jobLevelNameInChinese= )]	[來自]類別：JobLevelService，方法：createJobLevel
2025-08-18 19:46:20 [http-nio-8080-exec-3] WARN  c.t.c.e.GlobalExceptionHandler - 約束違反異常：[{model=class com.testing_company.case_management.model.JobLevel, filed=jobLevel, message=jobLevel不可為空}],原始訊息：Validation failed for classes [com.testing_company.case_management.model.JobLevel] during persist time for groups [jakarta.validation.groups.Default, ]
List of constraint violations:[
	ConstraintViolationImpl{interpolatedMessage='jobLevel不可為空', propertyPath=jobLevel, rootBeanClass=class com.testing_company.case_management.model.JobLevel, messageTemplate='jobLevel不可為空'}
]
2025-08-18 19:46:20 [http-nio-8080-exec-3] WARN  o.s.w.s.m.m.a.ExceptionHandlerExceptionResolver - Resolved [jakarta.validation.ConstraintViolationException: Validation failed for classes [com.testing_company.case_management.model.JobLevel] during persist time for groups [jakarta.validation.groups.Default, ]<EOL>List of constraint violations:[<EOL>?ConstraintViolationImpl{interpolatedMessage='jobLevel不可為空', propertyPath=jobLevel, rootBeanClass=class com.testing_company.case_management.model.JobLevel, messageTemplate='jobLevel不可為空'}<EOL>]]
2025-08-18 22:38:09 [SpringApplicationShutdownHook] INFO  o.s.b.w.e.tomcat.GracefulShutdown - Commencing graceful shutdown. Waiting for active requests to complete
2025-08-18 22:38:09 [tomcat-shutdown] INFO  o.s.b.w.e.tomcat.GracefulShutdown - Graceful shutdown complete
2025-08-18 22:38:09 [SpringApplicationShutdownHook] INFO  o.s.o.j.LocalContainerEntityManagerFactoryBean - Closing JPA EntityManagerFactory for persistence unit 'default'
2025-08-18 22:38:09 [SpringApplicationShutdownHook] INFO  com.zaxxer.hikari.HikariDataSource - HikariPool-1 - Shutdown initiated...
2025-08-18 22:38:09 [SpringApplicationShutdownHook] INFO  com.zaxxer.hikari.HikariDataSource - HikariPool-1 - Shutdown completed.
